[debug] [2025-09-04T13:28:00.437Z] ----------------------------------------------------------------------
[debug] [2025-09-04T13:28:00.438Z] Command:       /Users/ericgajdusek/.nvm/versions/node/v20.19.5/bin/node /Users/ericgajdusek/.nvm/versions/node/v20.19.5/bin/firebase init
[debug] [2025-09-04T13:28:00.438Z] CLI Version:   14.15.2
[debug] [2025-09-04T13:28:00.438Z] Platform:      darwin
[debug] [2025-09-04T13:28:00.438Z] Node Version:  v20.19.5
[debug] [2025-09-04T13:28:00.438Z] Time:          Thu Sep 04 2025 06:28:00 GMT-0700 (Pacific Daylight Time)
[debug] [2025-09-04T13:28:00.439Z] ----------------------------------------------------------------------
[debug] 
[debug] [2025-09-04T13:28:00.441Z] > command requires scopes: ["email","openid","https://www.googleapis.com/auth/cloudplatformprojects.readonly","https://www.googleapis.com/auth/firebase","https://www.googleapis.com/auth/cloud-platform"]
[debug] [2025-09-04T13:28:00.441Z] > authorizing via signed-in user (ericgaj1010@gmail.com)
[info] 
     ######## #### ########  ######## ########     ###     ######  ########
     ##        ##  ##     ## ##       ##     ##  ##   ##  ##       ##
     ######    ##  ########  ######   ########  #########  ######  ######
     ##        ##  ##    ##  ##       ##     ## ##     ##       ## ##
     ##       #### ##     ## ######## ########  ##     ##  ######  ########

You're about to initialize a Firebase project in this directory:

  /Users/ericgajdusek/Desktop/room-state-cloud

[info] 
=== Project Setup
[info] 
[info] First, let's associate this project directory with a Firebase project.
[info] You can create multiple project aliases by running firebase use --add, 
[info] but for now we'll just set up a default project.
[info] 
[debug] [2025-09-04T13:31:33.610Z] ExitPromptError: User force closed the prompt with SIGINT
    at Interface.sigint (/Users/ericgajdusek/.nvm/versions/node/v20.19.5/lib/node_modules/firebase-tools/node_modules/@inquirer/core/dist/commonjs/lib/create-prompt.js:101:37)
    at Interface.emit (node:events:524:28)
    at Interface.emit (node:domain:489:12)
    at [_ttyWrite] [as _ttyWrite] (node:internal/readline/interface:1128:18)
    at ReadStream.onkeypress (node:internal/readline/interface:267:20)
    at ReadStream.emit (node:events:536:35)
    at ReadStream.emit (node:domain:489:12)
    at emitKeys (node:internal/readline/utils:371:14)
    at emitKeys.next (<anonymous>)
    at ReadStream.onData (node:internal/readline/emitKeypressEvents:64:36)
[error] 
[error] Error: An unexpected error has occurred.
